current directory: /Users/labern/Developer/Rails/password_test/path/ruby/3.3.0/gems/date-3.3.4/ext/date
/Users/labern/.rbenv/versions/3.3.5/bin/ruby extconf.rb
checking for rb_category_warn()... yes
checking for timezone in time.h with  -Werror... yes
checking for altzone in time.h with  -Werror... no
creating Makefile

current directory: /Users/labern/Developer/Rails/password_test/path/ruby/3.3.0/gems/date-3.3.4/ext/date
make DESTDIR\= sitearchdir\=./.gem.20240925-23201-uko8f8 sitelibdir\=./.gem.20240925-23201-uko8f8 clean

current directory: /Users/labern/Developer/Rails/password_test/path/ruby/3.3.0/gems/date-3.3.4/ext/date
make DESTDIR\= sitearchdir\=./.gem.20240925-23201-uko8f8 sitelibdir\=./.gem.20240925-23201-uko8f8
compiling date_core.c
compiling date_parse.c
compiling date_strftime.c
compiling date_strptime.c
linking shared-object date_core.bundle

current directory: /Users/labern/Developer/Rails/password_test/path/ruby/3.3.0/gems/date-3.3.4/ext/date
make DESTDIR\= sitearchdir\=./.gem.20240925-23201-uko8f8 sitelibdir\=./.gem.20240925-23201-uko8f8 install
/opt/homebrew/bin/ginstall -c -m 0755 date_core.bundle ./.gem.20240925-23201-uko8f8

current directory: /Users/labern/Developer/Rails/password_test/path/ruby/3.3.0/gems/date-3.3.4/ext/date
make DESTDIR\= sitearchdir\=./.gem.20240925-23201-uko8f8 sitelibdir\=./.gem.20240925-23201-uko8f8 clean
