current directory: /Users/labern/Developer/Rails/password_test/path/ruby/3.3.0/gems/psych-5.1.2/ext/psych
/Users/labern/.rbenv/versions/3.3.5/bin/ruby extconf.rb
checking for pkg-config for yaml-0.1... ["-I/opt/homebrew/Cellar/libyaml/0.2.5/include ", "-L/opt/homebrew/Cellar/libyaml/0.2.5/lib", "-lyaml"]
checking for yaml.h... yes
checking for yaml_get_version() in -lyaml... yes
creating Makefile

current directory: /Users/labern/Developer/Rails/password_test/path/ruby/3.3.0/gems/psych-5.1.2/ext/psych
make DESTDIR\= sitearchdir\=./.gem.20240925-23201-95cmie sitelibdir\=./.gem.20240925-23201-95cmie clean
cd libyaml && /Library/Developer/CommandLineTools/usr/bin/make clean
/bin/sh: line 0: cd: libyaml: No such file or directory
make: [clean-so] Error 1 (ignored)

current directory: /Users/labern/Developer/Rails/password_test/path/ruby/3.3.0/gems/psych-5.1.2/ext/psych
make DESTDIR\= sitearchdir\=./.gem.20240925-23201-95cmie sitelibdir\=./.gem.20240925-23201-95cmie
compiling psych.c
compiling psych_emitter.c
compiling psych_parser.c
compiling psych_to_ruby.c
compiling psych_yaml_tree.c
linking shared-object psych.bundle
ld: warning: ignoring duplicate libraries: '-lyaml'

current directory: /Users/labern/Developer/Rails/password_test/path/ruby/3.3.0/gems/psych-5.1.2/ext/psych
make DESTDIR\= sitearchdir\=./.gem.20240925-23201-95cmie sitelibdir\=./.gem.20240925-23201-95cmie install
/opt/homebrew/bin/ginstall -c -m 0755 psych.bundle ./.gem.20240925-23201-95cmie

current directory: /Users/labern/Developer/Rails/password_test/path/ruby/3.3.0/gems/psych-5.1.2/ext/psych
make DESTDIR\= sitearchdir\=./.gem.20240925-23201-95cmie sitelibdir\=./.gem.20240925-23201-95cmie clean
cd libyaml && /Library/Developer/CommandLineTools/usr/bin/make clean
/bin/sh: line 0: cd: libyaml: No such file or directory
make: [clean-so] Error 1 (ignored)
